0 info it worked if it ends with ok
1 verbose cli [ '/Users/bel/.nvm/versions/node/v7.1.0/bin/node',
1 verbose cli   '/Users/bel/.nvm/versions/node/v7.1.0/bin/npm',
1 verbose cli   'run',
1 verbose cli   'build' ]
2 info using npm@4.0.2
3 info using node@v7.1.0
4 verbose stack Error: Failed to parse json
4 verbose stack Unexpected token 's' at 11:6
4 verbose stack     "start": "next start",
4 verbose stack      ^
4 verbose stack     at parseError (/Users/bel/.nvm/versions/node/v7.1.0/lib/node_modules/npm/node_modules/read-package-json/read-json.js:390:11)
4 verbose stack     at parseJson (/Users/bel/.nvm/versions/node/v7.1.0/lib/node_modules/npm/node_modules/read-package-json/read-json.js:79:23)
4 verbose stack     at /Users/bel/.nvm/versions/node/v7.1.0/lib/node_modules/npm/node_modules/read-package-json/read-json.js:48:5
4 verbose stack     at /Users/bel/.nvm/versions/node/v7.1.0/lib/node_modules/npm/node_modules/graceful-fs/graceful-fs.js:78:16
4 verbose stack     at tryToString (fs.js:425:3)
4 verbose stack     at FSReqWrap.readFileAfterClose [as oncomplete] (fs.js:412:12)
5 verbose cwd /Users/bel/Talks/act-and-react-fast/examples/next
6 error Darwin 14.5.0
7 error argv "/Users/bel/.nvm/versions/node/v7.1.0/bin/node" "/Users/bel/.nvm/versions/node/v7.1.0/bin/npm" "run" "build"
8 error node v7.1.0
9 error npm  v4.0.2
10 error file /Users/bel/Talks/act-and-react-fast/examples/next/package.json
11 error code EJSONPARSE
12 error Failed to parse json
12 error Unexpected token 's' at 11:6
12 error     "start": "next start",
12 error      ^
13 error File: /Users/bel/Talks/act-and-react-fast/examples/next/package.json
14 error Failed to parse package.json data.
14 error package.json must be actual JSON, not just JavaScript.
14 error
14 error This is not a bug in npm.
14 error Tell the package author to fix their package.json file. JSON.parse
15 verbose exit [ 1, true ]
